[debug] [2024-10-11T04:07:14.452Z] ----------------------------------------------------------------------
[debug] [2024-10-11T04:07:14.454Z] Command:       C:\Program Files\nodejs\node.exe C:\Users\FABIO\AppData\Roaming\npm\node_modules\firebase-tools\lib\bin\firebase.js init
[debug] [2024-10-11T04:07:14.454Z] CLI Version:   13.22.0
[debug] [2024-10-11T04:07:14.454Z] Platform:      win32
[debug] [2024-10-11T04:07:14.454Z] Node Version:  v18.18.0
[debug] [2024-10-11T04:07:14.456Z] Time:          Fri Oct 11 2024 00:07:14 GMT-0400 (hora de Bolivia)
[debug] [2024-10-11T04:07:14.456Z] ----------------------------------------------------------------------
[debug] 
[debug] [2024-10-11T04:07:14.519Z] > command requires scopes: ["email","openid","https://www.googleapis.com/auth/cloudplatformprojects.readonly","https://www.googleapis.com/auth/firebase","https://www.googleapis.com/auth/cloud-platform"]
[debug] [2024-10-11T04:07:14.520Z] > authorizing via signed-in user (fabiozambrana47@gmail.com)
[info] 
     ######## #### ########  ######## ########     ###     ######  ########
     ##        ##  ##     ## ##       ##     ##  ##   ##  ##       ##
     ######    ##  ########  ######   ########  #########  ######  ######
     ##        ##  ##    ##  ##       ##     ## ##     ##       ## ##
     ##       #### ##     ## ######## ########  ##     ##  ######  ########

You're about to initialize a Firebase project in this directory:

  C:\Users\FABIO\Documents\visual code\Foodman_17-02-24-main

Before we get started, keep in mind:

  * You are initializing within an existing Firebase project directory

[info] 
=== Project Setup
[info] 
[info] First, let's associate this project directory with a Firebase project.
[info] You can create multiple project aliases by running firebase use --add, 
[info] but for now we'll just set up a default project.
[info] 
[info] i  If you want to create a project in a Google Cloud organization or folder, please use "firebase projects:create" instead, and return to this command when you've created the project. 
[debug] [2024-10-11T04:09:31.993Z] Checked if tokens are valid: true, expires at: 1728621087497
[debug] [2024-10-11T04:09:31.993Z] Checked if tokens are valid: true, expires at: 1728621087497
[debug] [2024-10-11T04:09:31.995Z] >>> [apiv2][query] POST https://cloudresourcemanager.googleapis.com/v1/projects [none]
[debug] [2024-10-11T04:09:31.996Z] >>> [apiv2][body] POST https://cloudresourcemanager.googleapis.com/v1/projects {"projectId":"DisenoDeRed","name":"DisenoDeRed"}
[debug] [2024-10-11T04:09:33.194Z] <<< [apiv2][status] POST https://cloudresourcemanager.googleapis.com/v1/projects 400
[debug] [2024-10-11T04:09:33.195Z] <<< [apiv2][body] POST https://cloudresourcemanager.googleapis.com/v1/projects {"error":{"code":400,"message":"field [project_id] has issue [project_id contains invalid characters]","status":"INVALID_ARGUMENT","details":[{"@type":"type.googleapis.com/google.rpc.BadRequest","fieldViolations":[{"field":"project_id","description":"project_id contains invalid characters"}]},{"@type":"type.googleapis.com/google.rpc.Help","links":[{"url":"https://cloud.google.com/resource-manager/reference/rest/v1/projects"}]}]}}
[debug] [2024-10-11T04:09:33.196Z] FirebaseError: HTTP Error: 400, field [project_id] has issue [project_id contains invalid characters]
    at responseToError (C:\Users\FABIO\AppData\Roaming\npm\node_modules\firebase-tools\lib\responseToError.js:49:12)
    at RetryOperation._fn (C:\Users\FABIO\AppData\Roaming\npm\node_modules\firebase-tools\lib\apiv2.js:312:77)
    at process.processTicksAndRejections (node:internal/process/task_queues:95:5)
[error] 
[error] Error: Failed to create project. See firebase-debug.log for more info.
